<?xml version="1.0" encoding="UTF-8"?>
<testsuite xmlns:xsi="http://www.w3.org/2001/XMLSchema-instance" xsi:noNamespaceSchemaLocation="https://maven.apache.org/surefire/maven-surefire-plugin/xsd/surefire-test-report-3.0.xsd" version="3.0" name="testrunner.TestRunner" time="2.13" tests="1" errors="0" skipped="0" failures="1">
  <properties>
[...]
</properties>
  <testcase name="To Test the login functioanlity of Orange hrm" classname="To validate the login functionality" time="0.763">
    <failure message="Undefined default URL for page object Orangehrmlogin" type="java.lang.AssertionError"><![CDATA[java.lang.AssertionError: Undefined default URL for page object Orangehrmlogin
	at net.serenitybdd.core.pages.PageUrls.verified(PageUrls.java:78)
	at net.serenitybdd.core.pages.PageUrls.getStartingUrl(PageUrls.java:56)
	at net.serenitybdd.core.pages.PageObject.open(PageObject.java:882)
	at net.serenitybdd.core.pages.PageObject.open(PageObject.java:871)
	at StepDefintions.orangehrmloginsteps.to_launch_the_browser_and_enter_the_url(orangehrmloginsteps.java:25)
	at ✽.To launch the browser and enter the url(file:///C:/Users/C2TA/eclipse-workspace/Serenitylearning/src/test/resources/Features/oranghrmlogin.feature:5)
]]></failure>
    <system-out><![CDATA[
@Regression @tag1
Scenario: To Test the login functioanlity of Orange hrm # src/test/resources/Features/oranghrmlogin.feature:4
  Given To launch the browser and enter the url         # StepDefintions.orangehrmloginsteps.to_launch_the_browser_and_enter_the_url()
      java.lang.AssertionError: Undefined default URL for page object Orangehrmlogin
	at net.serenitybdd.core.pages.PageUrls.verified(PageUrls.java:78)
	at net.serenitybdd.core.pages.PageUrls.getStartingUrl(PageUrls.java:56)
	at net.serenitybdd.core.pages.PageObject.open(PageObject.java:882)
	at net.serenitybdd.core.pages.PageObject.open(PageObject.java:871)
	at StepDefintions.orangehrmloginsteps.to_launch_the_browser_and_enter_the_url(orangehrmloginsteps.java:25)
	at âœ½.To launch the browser and enter the url(file:///C:/Users/C2TA/eclipse-workspace/Serenitylearning/src/test/resources/Features/oranghrmlogin.feature:5)

  When Enter the username and password                  # StepDefintions.orangehrmloginsteps.enter_the_username_and_password()
  And Click the Submit button                           # StepDefintions.orangehrmloginsteps.click_the_submit_button()
  Then Take the screenshot                              # StepDefintions.orangehrmloginsteps.take_the_screenshot()
]]></system-out>
    <system-err><![CDATA[SLF4J: No SLF4J providers were found.
SLF4J: Defaulting to no-operation (NOP) logger implementation
SLF4J: See https://www.slf4j.org/codes.html#noProviders for further details.
]]></system-err>
  </testcase>
</testsuite>