<?xml version="1.0" encoding="UTF-8" standalone="no"?><testsuite errors="0" failures="1" name="OrangeHRM Login" skipped="0" tests="1" time="3.12" timestamp="2025-03-24 03:24:41"><testcase name="To Test the login functionality of Orange HRM"><failure message="Undefined default URL for page object Orangehrmlogin" type="java.lang.AssertionError">Undefined default URL for page object Orangehrmlogin</failure><system-err>Undefined default URL for page object Orangehrmlogin&#13;
StepDefintions.OrangeHRMLoginSteps.to_launch_the_browser_and_enter_the_url(OrangeHRMLoginSteps.java:39)&#13;
✽.To launch the browser and enter the url(file:///C:/Users/C2TA/eclipse-workspace/Serenitylearning/src/test/resources/features/oranghrmlogin.feature:5)&#13;
</system-err></testcase></testsuite>